Determining if the pthread_create exist failed with the following output:
Change Dir: /home/abhishek/repositories/VTKmVsVisItClipping/CustomDataSet/CMakeFiles/CMakeTmp

Run Build Command:"/usr/bin/make" "cmTC_7c8bc/fast"
/usr/bin/make -f CMakeFiles/cmTC_7c8bc.dir/build.make CMakeFiles/cmTC_7c8bc.dir/build
make[1]: Entering directory '/home/abhishek/repositories/VTKmVsVisItClipping/CustomDataSet/CMakeFiles/CMakeTmp'
Building C object CMakeFiles/cmTC_7c8bc.dir/CheckSymbolExists.c.o
/usr/bin/cc   -fPIC    -o CMakeFiles/cmTC_7c8bc.dir/CheckSymbolExists.c.o   -c /home/abhishek/repositories/VTKmVsVisItClipping/CustomDataSet/CMakeFiles/CMakeTmp/CheckSymbolExists.c
Linking C executable cmTC_7c8bc
/media/extension/cmake-3.9.3-Linux-x86_64/bin/cmake -E cmake_link_script CMakeFiles/cmTC_7c8bc.dir/link.txt --verbose=1
/usr/bin/cc -fPIC     -rdynamic CMakeFiles/cmTC_7c8bc.dir/CheckSymbolExists.c.o  -o cmTC_7c8bc 
CMakeFiles/cmTC_7c8bc.dir/CheckSymbolExists.c.o: In function `main':
CheckSymbolExists.c:(.text+0x1b): undefined reference to `pthread_create'
collect2: error: ld returned 1 exit status
CMakeFiles/cmTC_7c8bc.dir/build.make:97: recipe for target 'cmTC_7c8bc' failed
make[1]: *** [cmTC_7c8bc] Error 1
make[1]: Leaving directory '/home/abhishek/repositories/VTKmVsVisItClipping/CustomDataSet/CMakeFiles/CMakeTmp'
Makefile:126: recipe for target 'cmTC_7c8bc/fast' failed
make: *** [cmTC_7c8bc/fast] Error 2

File /home/abhishek/repositories/VTKmVsVisItClipping/CustomDataSet/CMakeFiles/CMakeTmp/CheckSymbolExists.c:
/* */
#include <pthread.h>

int main(int argc, char** argv)
{
  (void)argv;
#ifndef pthread_create
  return ((int*)(&pthread_create))[argc];
#else
  (void)argc;
  return 0;
#endif
}

Determining if the function pthread_create exists in the pthreads failed with the following output:
Change Dir: /home/abhishek/repositories/VTKmVsVisItClipping/CustomDataSet/CMakeFiles/CMakeTmp

Run Build Command:"/usr/bin/make" "cmTC_11ba7/fast"
/usr/bin/make -f CMakeFiles/cmTC_11ba7.dir/build.make CMakeFiles/cmTC_11ba7.dir/build
make[1]: Entering directory '/home/abhishek/repositories/VTKmVsVisItClipping/CustomDataSet/CMakeFiles/CMakeTmp'
Building C object CMakeFiles/cmTC_11ba7.dir/CheckFunctionExists.c.o
/usr/bin/cc   -fPIC -DCHECK_FUNCTION_EXISTS=pthread_create   -o CMakeFiles/cmTC_11ba7.dir/CheckFunctionExists.c.o   -c /media/extension/cmake-3.9.3-Linux-x86_64/share/cmake-3.9/Modules/CheckFunctionExists.c
Linking C executable cmTC_11ba7
/media/extension/cmake-3.9.3-Linux-x86_64/bin/cmake -E cmake_link_script CMakeFiles/cmTC_11ba7.dir/link.txt --verbose=1
/usr/bin/cc -fPIC -DCHECK_FUNCTION_EXISTS=pthread_create    -rdynamic CMakeFiles/cmTC_11ba7.dir/CheckFunctionExists.c.o  -o cmTC_11ba7 -lpthreads 
/usr/bin/ld: cannot find -lpthreads
collect2: error: ld returned 1 exit status
CMakeFiles/cmTC_11ba7.dir/build.make:97: recipe for target 'cmTC_11ba7' failed
make[1]: *** [cmTC_11ba7] Error 1
make[1]: Leaving directory '/home/abhishek/repositories/VTKmVsVisItClipping/CustomDataSet/CMakeFiles/CMakeTmp'
Makefile:126: recipe for target 'cmTC_11ba7/fast' failed
make: *** [cmTC_11ba7/fast] Error 2


